<?xml version="1.0" encoding="UTF-8"?>
<!-- Generated by org.testng.reporters.JUnitReportReporter -->
<testsuite hostname="DESKTOP-VBNLNPQ" failures="0" tests="1" name="testcases.TestCase1" time="0.396" errors="0" timestamp="08 Jan 2023 05:55:46 GMT" skipped="0">
  <testcase classname="testcases.TestCase1" name="click" time="0.396"/>
</testsuite> <!-- testcases.TestCase1 -->
