<?xml version="1.0" encoding="UTF-8"?>
<!-- Generated by org.testng.reporters.JUnitReportReporter -->
<testsuite hostname="DESKTOP-VBNLNPQ" failures="0" tests="1" name="testcases.TestCaseOne" time="3.235" errors="0" timestamp="08 Jan 2023 06:09:53 GMT" skipped="0">
  <testcase classname="testcases.TestCaseOne" name="click" time="3.235"/>
</testsuite> <!-- testcases.TestCaseOne -->
